<?xml version="1.0" encoding="UTF-8"?>
<testsuite name="Cucumber" time="128.784" tests="12" skipped="0" failures="2" errors="0">
<testcase classname="F01_Registration | New user could register" name="new user could register with valid data" time="17.72">
<failure type="org.openqa.selenium.NoSuchElementException" message="no such element: Unable to locate element: {&quot;method&quot;:&quot;css selector&quot;,&quot;selector&quot;:&quot;.ico\-account&quot;}
  (Session info: chrome=113.0.5672.93)
For documentation on this error, please visit: https://selenium.dev/exceptions/#no_such_element
Build info: version: '4.9.1', revision: 'eb2032df7f'
System info: os.name: 'Windows 11', os.arch: 'amd64', os.version: '10.0', java.version: '11.0.19'
Driver info: org.openqa.selenium.chrome.ChromeDriver
Command: [02b24c3b4d0b8d78bc1a77def633b18a, findElement {using=class name, value=ico-account}]
Capabilities {acceptInsecureCerts: false, browserName: chrome, browserVersion: 113.0.5672.93, chrome: {chromedriverVersion: 113.0.5672.63 (0e1a4471d5ae..., userDataDir: C:\Users\NOHA_N~1\AppData\L...}, goog:chromeOptions: {debuggerAddress: localhost:52229}, networkConnectionEnabled: false, pageLoadStrategy: normal, platformName: windows, proxy: Proxy(), se:cdp: ws://localhost:52229/devtoo..., se:cdpVersion: 113.0.5672.93, setWindowRect: true, strictFileInteractability: false, timeouts: {implicit: 0, pageLoad: 300000, script: 30000}, unhandledPromptBehavior: dismiss and notify, webauthn:extension:credBlob: true, webauthn:extension:largeBlob: true, webauthn:extension:minPinLength: true, webauthn:extension:prf: true, webauthn:virtualAuthenticators: true}
Session ID: 02b24c3b4d0b8d78bc1a77def633b18a">
<![CDATA[org.openqa.selenium.NoSuchElementException: no such element: Unable to locate element: {"method":"css selector","selector":".ico\-account"}
  (Session info: chrome=113.0.5672.93)
For documentation on this error, please visit: https://selenium.dev/exceptions/#no_such_element
Build info: version: '4.9.1', revision: 'eb2032df7f'
System info: os.name: 'Windows 11', os.arch: 'amd64', os.version: '10.0', java.version: '11.0.19'
Driver info: org.openqa.selenium.chrome.ChromeDriver
Command: [02b24c3b4d0b8d78bc1a77def633b18a, findElement {using=class name, value=ico-account}]
Capabilities {acceptInsecureCerts: false, browserName: chrome, browserVersion: 113.0.5672.93, chrome: {chromedriverVersion: 113.0.5672.63 (0e1a4471d5ae..., userDataDir: C:\Users\NOHA_N~1\AppData\L...}, goog:chromeOptions: {debuggerAddress: localhost:52229}, networkConnectionEnabled: false, pageLoadStrategy: normal, platformName: windows, proxy: Proxy(), se:cdp: ws://localhost:52229/devtoo..., se:cdpVersion: 113.0.5672.93, setWindowRect: true, strictFileInteractability: false, timeouts: {implicit: 0, pageLoad: 300000, script: 30000}, unhandledPromptBehavior: dismiss and notify, webauthn:extension:credBlob: true, webauthn:extension:largeBlob: true, webauthn:extension:minPinLength: true, webauthn:extension:prf: true, webauthn:virtualAuthenticators: true}
Session ID: 02b24c3b4d0b8d78bc1a77def633b18a
	at java.base/jdk.internal.reflect.NativeConstructorAccessorImpl.newInstance0(Native Method)
	at java.base/jdk.internal.reflect.NativeConstructorAccessorImpl.newInstance(NativeConstructorAccessorImpl.java:62)
	at java.base/jdk.internal.reflect.DelegatingConstructorAccessorImpl.newInstance(DelegatingConstructorAccessorImpl.java:45)
	at java.base/java.lang.reflect.Constructor.newInstance(Constructor.java:490)
	at org.openqa.selenium.remote.codec.w3c.W3CHttpResponseCodec.createException(W3CHttpResponseCodec.java:200)
	at org.openqa.selenium.remote.codec.w3c.W3CHttpResponseCodec.decode(W3CHttpResponseCodec.java:133)
	at org.openqa.selenium.remote.codec.w3c.W3CHttpResponseCodec.decode(W3CHttpResponseCodec.java:53)
	at org.openqa.selenium.remote.HttpCommandExecutor.execute(HttpCommandExecutor.java:193)
	at org.openqa.selenium.remote.service.DriverCommandExecutor.invokeExecute(DriverCommandExecutor.java:183)
	at org.openqa.selenium.remote.service.DriverCommandExecutor.execute(DriverCommandExecutor.java:158)
	at org.openqa.selenium.remote.RemoteWebDriver.execute(RemoteWebDriver.java:543)
	at org.openqa.selenium.remote.ElementLocation$ElementFinder$2.findElement(ElementLocation.java:162)
	at org.openqa.selenium.remote.ElementLocation.findElement(ElementLocation.java:66)
	at org.openqa.selenium.remote.RemoteWebDriver.findElement(RemoteWebDriver.java:352)
	at org.openqa.selenium.remote.RemoteWebDriver.findElement(RemoteWebDriver.java:344)
	at Pages.P1_RegistrationPageElements.registerAsserEle(P1_RegistrationPageElements.java:103)
	at step_definitions.C1_RegistrationStepDefinitions.a_success_message_is_displayed(C1_RegistrationStepDefinitions.java:53)
	at ✽.a success message is displayed(file:///D:/Software%20Engineering/Noha_Projects/FWD%20Professional%20Projects/Ecommerce_Project_CucumPOM_NOHA/src/main/resources/features/F01_Registration.feature:8)
]]>
</failure>
<system-out><![CDATA[
Given new user launch registration page.....................................passed
And new user fills registration form with valid data........................passed
When new user can register..................................................passed
Then a success message is displayed.........................................failed
And user logs out after registering.........................................skipped
]]></system-out>
</testcase>
<testcase classname="F02_Login | User could use login functionality to open his account" name="user could login with valid email and password" time="5.231">
<system-out><![CDATA[
Given user navigates to login page..........................................passed
When user can login with valid email and valid password.....................passed
Then user could login successfully..........................................passed
And logged user logs out....................................................passed
]]></system-out>
</testcase>
<testcase classname="F03_ResetPassword | User could reset his password" name="user reset his password successfully" time="7.423">
<system-out><![CDATA[
Given user navigates to login page..........................................passed
Given user clicks on forgot password........................................passed
When user enters his valid email address....................................passed
And user clicks on recover button...........................................passed
Then user got a Displayed Message...........................................passed
And user could close the Notification Bar...................................passed
]]></system-out>
</testcase>
<testcase classname="F04_Search | Logged user could search for any product on the website" name="Logged user could search by product name" time="3.508">
<system-out><![CDATA[
Given user navigates to login page..........................................passed
And user can login with valid email and valid password......................passed
When logged user clicks on search field.....................................passed
And logged user searches with name of product...............................passed
Then logged user could find relative results................................passed
]]></system-out>
</testcase>
<testcase classname="F05_SwitchCurrency | Logged user could switch between currencies" name="Logged user could switch currency" time="6.76">
<system-out><![CDATA[
Given user selects a product................................................passed
When user changes the currency..............................................passed
Then user could find the selected currency..................................passed
]]></system-out>
</testcase>
<testcase classname="F06_Categories | Logged user could select different Categories" name="Logged user could select random category then hover and open sub-Category" time="31.401">
<failure type="java.lang.AssertionError" message="expected [true] but found [false]">
<![CDATA[java.lang.AssertionError: expected [true] but found [false]
	at org.testng.Assert.fail(Assert.java:110)
	at org.testng.Assert.failNotEquals(Assert.java:1577)
	at org.testng.Assert.assertTrue(Assert.java:56)
	at org.testng.Assert.assertTrue(Assert.java:66)
	at Pages.P6_CategoriesPageElements.categoryRandomEle(P6_CategoriesPageElements.java:46)
	at step_definitions.C6_CategoriesStepDefinitions.select_random_Category(C6_CategoriesStepDefinitions.java:17)
	at ✽.logged user can select Random Category(file:///D:/Software%20Engineering/Noha_Projects/FWD%20Professional%20Projects/Ecommerce_Project_CucumPOM_NOHA/src/main/resources/features/F06_Categories.feature:5)
]]>
</failure>
<system-out><![CDATA[
Given logged user can select Random Category................................failed
Then logged user could hover and open sub-Category..........................skipped
]]></system-out>
</testcase>
<testcase classname="F07_FilterColor | Logged user could filter with color" name="Logged user could filter product with color" time="3.724">
<system-out><![CDATA[
Given logged user selects Category and hover to open sub-Category...........passed
When logged user can filter sub-Category with color.........................passed
Then logged user could find product with the selected color.................passed
]]></system-out>
</testcase>
<testcase classname="F08_SelectTags | Logged user could select different tags" name="Logged user could select different tags" time="4.266">
<system-out><![CDATA[
Given logged user can select a popular tag..................................passed
When logged user finds products.............................................passed
Then logged user could select a different tag...............................passed
And logged user finds another different products............................passed
]]></system-out>
</testcase>
<testcase classname="F09_CompareList | Logged user could add different products to Compare list" name="Logged user could add different products to Compare list" time="14.644">
<system-out><![CDATA[
Given logged user can add First Product to Compare list.....................passed
And logged user can add Second Product to Compare list......................passed
And logged user can add Third Product to Compare list.......................passed
When logged user navigates to Compare products list.........................passed
Then logged user could compare between the selected products................passed
And logged user can clear a product from list...............................passed
And logged user deletes all the list........................................passed
]]></system-out>
</testcase>
<testcase classname="F10_Wishlist | Logged user could add different products to Wishlist" name="Logged user could add different products to Wishlist" time="8.799">
<system-out><![CDATA[
Given logged user selects his favorite product..............................passed
When logged user adds a product to the Wishlist.............................passed
And logged user adds another product to the Wishlist........................passed
Then logged user navigates to his Wishlist page.............................passed
]]></system-out>
</testcase>
<testcase classname="F11_ShoppingCart | Logged user could add different products to Shopping Cart" name="Logged user could add different products to Shopping Cart" time="1.714">
<system-out><![CDATA[
Given logged user checks all his Wishlist products..........................passed
Then logged user could add his Wishlist products to Shopping Cart...........passed
]]></system-out>
</testcase>
<testcase classname="F12_OrderCheckout | Logged user could Create Successful Order" name="Logged user could Create Successful Order" time="18.59">
<system-out><![CDATA[
Given logged user agrees with terms and proceed to Checkout.................passed
When logged user fills out Billing address to Create Order..................passed
And logged user confirms Billing address....................................passed
And logged user selects Shipping Method to Continue.........................passed
And logged user selects Payment Method to Continue..........................passed
When logged user fills out Payment Information..............................passed
Then logged user could confirm his order....................................passed
And logged user can check order details.....................................passed
And logged user could save invoice..........................................passed
And logged user could print invoice.........................................passed
]]></system-out>
</testcase>
</testsuite>
